<?xml version="1.0" encoding="UTF-8"?>
<!-- Generated by org.testng.reporters.JUnitXMLReporter -->
<testsuite ignored="1" hostname="DESKTOP-7T06DAI" failures="0" tests="1" name="Default test" time="13.775" errors="0" timestamp="2022-05-16T11:01:35 EDT">
  <testcase classname="qa.ecom.testCases.myStorePageTest" name="vetifyPageFooterTest" time="0.566"/>
  <testcase classname="qa.ecom.testCases.myStorePageTest" name="verifyMyStorePageTest" time="0.0">
    <ignored/>
  </testcase> <!-- verifyMyStorePageTest -->
</testsuite> <!-- Default test -->
